<?xml version="1.0" encoding="UTF-8"?>
<!-- Generated by org.testng.reporters.JUnitXMLReporter -->
<testsuite ignored="0" hostname="DESKTOP-NFKHRIP" failures="0" tests="30" name="Default test" time="86.521" errors="0" timestamp="2024-04-06T16:35:56 AST">
  <testcase classname="org.ictkerala.test_ictaklearner.TestClass" name="Ele_1" time="0.219"/>
  <testcase classname="org.ictkerala.test_ictaklearner.TestClass" name="Nav_1" time="0.021"/>
  <testcase classname="org.ictkerala.test_ictaklearner.TestClass" name="Ele_2" time="0.097"/>
  <testcase classname="org.ictkerala.test_ictaklearner.TestClass" name="Ele_3" time="0.104"/>
  <testcase classname="org.ictkerala.test_ictaklearner.TestClass" name="Ele_4" time="0.081"/>
  <testcase classname="org.ictkerala.test_ictaklearner.TestClass" name="Trainloginvalid_1" time="2.473"/>
  <testcase classname="org.ictkerala.test_ictaklearner.TestClass" name="Trainloginvalid_2" time="1.621"/>
  <testcase classname="org.ictkerala.test_ictaklearner.TestClass" name="Trainloginvalid_3" time="2.579"/>
  <testcase classname="org.ictkerala.test_ictaklearner.TestClass" name="Trainloginvalid_4" time="2.988"/>
  <testcase classname="org.ictkerala.test_ictaklearner.TestClass" name="Trainlogvalid_1" time="0.296"/>
  <testcase classname="org.ictkerala.test_ictaklearner.TestClass" name="TDsuccess_1" time="1.144"/>
  <testcase classname="org.ictkerala.test_ictaklearner.TestClass" name="TDadd_1" time="0.237"/>
  <testcase classname="org.ictkerala.test_ictaklearner.TestClass" name="TDaddlearnercheck_1" time="4.658"/>
  <testcase classname="org.ictkerala.test_ictaklearner.TestClass" name="TDaddidvalidation_1" time="1.402"/>
  <testcase classname="org.ictkerala.test_ictaklearner.TestClass" name="TDaddnamevalid_1" time="2.827"/>
  <testcase classname="org.ictkerala.test_ictaklearner.TestClass" name="Tdaddlearner_3" time="2.805"/>
  <testcase classname="org.ictkerala.test_ictaklearner.TestClass" name="Tdaddlearner_4" time="2.542"/>
  <testcase classname="org.ictkerala.test_ictaklearner.TestClass" name="Tdaddlearner_5" time="2.017"/>
  <testcase classname="org.ictkerala.test_ictaklearner.TestClass" name="Tdaddlearner_6" time="2.338"/>
  <testcase classname="org.ictkerala.test_ictaklearner.TestClass" name="Tdvalue_1" time="1.798"/>
  <testcase classname="org.ictkerala.test_ictaklearner.TestClass" name="Tdvalue_2" time="0.661"/>
  <testcase classname="org.ictkerala.test_ictaklearner.TestClass" name="Tdvalue_3" time="0.812"/>
  <testcase classname="org.ictkerala.test_ictaklearner.TestClass" name="Tdvalue_4" time="0.247"/>
  <testcase classname="org.ictkerala.test_ictaklearner.TestClass" name="TDaddbulk_1" time="4.591"/>
  <testcase classname="org.ictkerala.test_ictaklearner.TestClass" name="TDaddbulk_3" time="0.342"/>
  <testcase classname="org.ictkerala.test_ictaklearner.TestClass" name="Tdaddbulkcancel_4" time="0.448"/>
  <testcase classname="org.ictkerala.test_ictaklearner.TestClass" name="TDedit_1" time="22.521"/>
  <testcase classname="org.ictkerala.test_ictaklearner.TestClass" name="TDdelete_1" time="0.106"/>
  <testcase classname="org.ictkerala.test_ictaklearner.TestClass" name="Logouttrainer" time="0.539"/>
  <testcase classname="org.ictkerala.test_ictaklearner.TestClass" name="AdmLogin" time="2.123"/>
</testsuite> <!-- Default test -->
