<?xml version="1.0" encoding="UTF-8"?>
<!-- Generated by org.testng.reporters.JUnitXMLReporter -->
<testsuite ignored="0" hostname="DESKTOP-NFKHRIP" failures="0" tests="38" name="Test" time="116.652" errors="0" timestamp="2024-04-06T16:42:44 AST">
  <testcase classname="org.ictkerala.test_ictaklearner.TestClass" name="Ele_1" time="0.204"/>
  <testcase classname="org.ictkerala.test_ictaklearner.TestClass" name="Nav_1" time="0.022"/>
  <testcase classname="org.ictkerala.test_ictaklearner.TestClass" name="Ele_2" time="0.149"/>
  <testcase classname="org.ictkerala.test_ictaklearner.TestClass" name="Ele_3" time="0.091"/>
  <testcase classname="org.ictkerala.test_ictaklearner.TestClass" name="Ele_4" time="0.095"/>
  <testcase classname="org.ictkerala.test_ictaklearner.TestClass" name="Trainloginvalid_1" time="2.245"/>
  <testcase classname="org.ictkerala.test_ictaklearner.TestClass" name="Trainloginvalid_2" time="1.205"/>
  <testcase classname="org.ictkerala.test_ictaklearner.TestClass" name="Trainloginvalid_3" time="1.523"/>
  <testcase classname="org.ictkerala.test_ictaklearner.TestClass" name="Trainloginvalid_4" time="2.419"/>
  <testcase classname="org.ictkerala.test_ictaklearner.TestClass" name="Trainlogvalid_1" time="0.618"/>
  <testcase classname="org.ictkerala.test_ictaklearner.TestClass" name="TDsuccess_1" time="1.153"/>
  <testcase classname="org.ictkerala.test_ictaklearner.TestClass" name="TDadd_1" time="0.196"/>
  <testcase classname="org.ictkerala.test_ictaklearner.TestClass" name="TDaddlearnercheck_1" time="2.999"/>
  <testcase classname="org.ictkerala.test_ictaklearner.TestClass" name="TDaddidvalidation_1" time="1.477"/>
  <testcase classname="org.ictkerala.test_ictaklearner.TestClass" name="TDaddnamevalid_1" time="1.498"/>
  <testcase classname="org.ictkerala.test_ictaklearner.TestClass" name="Tdaddlearner_3" time="2.59"/>
  <testcase classname="org.ictkerala.test_ictaklearner.TestClass" name="Tdaddlearner_4" time="2.337"/>
  <testcase classname="org.ictkerala.test_ictaklearner.TestClass" name="Tdaddlearner_5" time="1.659"/>
  <testcase classname="org.ictkerala.test_ictaklearner.TestClass" name="Tdaddlearner_6" time="2.475"/>
  <testcase classname="org.ictkerala.test_ictaklearner.TestClass" name="Tdvalue_1" time="2.252"/>
  <testcase classname="org.ictkerala.test_ictaklearner.TestClass" name="Tdvalue_2" time="0.704"/>
  <testcase classname="org.ictkerala.test_ictaklearner.TestClass" name="Tdvalue_3" time="0.809"/>
  <testcase classname="org.ictkerala.test_ictaklearner.TestClass" name="Tdvalue_4" time="0.178"/>
  <testcase classname="org.ictkerala.test_ictaklearner.TestClass" name="TDaddbulk_1" time="3.056"/>
  <testcase classname="org.ictkerala.test_ictaklearner.TestClass" name="TDaddbulk_3" time="0.386"/>
  <testcase classname="org.ictkerala.test_ictaklearner.TestClass" name="Tdaddbulkcancel_4" time="0.639"/>
  <testcase classname="org.ictkerala.test_ictaklearner.TestClass" name="TDedit_1" time="35.272"/>
  <testcase classname="org.ictkerala.test_ictaklearner.TestClass" name="TDdelete_1" time="0.096"/>
  <testcase classname="org.ictkerala.test_ictaklearner.TestClass" name="Logouttrainer" time="0.445"/>
  <testcase classname="org.ictkerala.test_ictaklearner.TestClass" name="AdmLogin" time="2.366"/>
  <testcase classname="org.ictkerala.test_ictaklearner.TestClass2" name="TC_1" time="0.081"/>
  <testcase classname="org.ictkerala.test_ictaklearner.TestClass2" name="TCnavigation" time="0.018"/>
  <testcase classname="org.ictkerala.test_ictaklearner.TestClass2" name="Tc3_" time="0.064"/>
  <testcase classname="org.ictkerala.test_ictaklearner.TestClass2" name="Tc4_" time="0.088"/>
  <testcase classname="org.ictkerala.test_ictaklearner.TestClass2" name="validcred" time="3.559"/>
  <testcase classname="org.ictkerala.test_ictaklearner.TestClass2" name="PofficerUpdate_1" time="7.935"/>
  <testcase classname="org.ictkerala.test_ictaklearner.TestClass2" name="PofficerUpdate_3" time="1.564"/>
  <testcase classname="org.ictkerala.test_ictaklearner.TestClass2" name="pofficerlogout" time="0.833"/>
</testsuite> <!-- Test -->
