<?xml version="1.0" encoding="UTF-8"?>
<testng-results ignored="0" total="38" passed="38" failed="0" skipped="0">
  <reporter-output>
  </reporter-output>
  <suite started-at="2024-04-06T16:40:46 AST" name="Suite" finished-at="2024-04-06T16:42:42 AST" duration-ms="116652">
    <groups>
    </groups>
    <test started-at="2024-04-06T16:40:46 AST" name="Test" finished-at="2024-04-06T16:42:42 AST" duration-ms="116652">
      <class name="org.ictkerala.test_ictaklearner.TestClass">
        <test-method is-config="true" signature="testConfig()[pri:0, instance:org.ictkerala.test_ictaklearner.TestClass@2767e23c]" started-at="2024-04-06T16:40:46 AST" name="testConfig" finished-at="2024-04-06T16:41:00 AST" duration-ms="13748" status="PASS">
          <reporter-output>
          </reporter-output>
        </test-method> <!-- testConfig -->
        <test-method signature="Ele_1()[pri:1, instance:org.ictkerala.test_ictaklearner.TestClass@2767e23c]" started-at="2024-04-06T16:41:00 AST" name="Ele_1" finished-at="2024-04-06T16:41:00 AST" duration-ms="204" status="PASS">
          <reporter-output>
          </reporter-output>
        </test-method> <!-- Ele_1 -->
        <test-method signature="Nav_1()[pri:1, instance:org.ictkerala.test_ictaklearner.TestClass@2767e23c]" started-at="2024-04-06T16:41:00 AST" name="Nav_1" finished-at="2024-04-06T16:41:00 AST" duration-ms="22" status="PASS">
          <reporter-output>
          </reporter-output>
        </test-method> <!-- Nav_1 -->
        <test-method signature="Ele_2()[pri:2, instance:org.ictkerala.test_ictaklearner.TestClass@2767e23c]" started-at="2024-04-06T16:41:00 AST" name="Ele_2" finished-at="2024-04-06T16:41:00 AST" duration-ms="149" status="PASS">
          <reporter-output>
          </reporter-output>
        </test-method> <!-- Ele_2 -->
        <test-method signature="Ele_3()[pri:3, instance:org.ictkerala.test_ictaklearner.TestClass@2767e23c]" started-at="2024-04-06T16:41:00 AST" name="Ele_3" finished-at="2024-04-06T16:41:00 AST" duration-ms="91" status="PASS">
          <reporter-output>
          </reporter-output>
        </test-method> <!-- Ele_3 -->
        <test-method signature="Ele_4()[pri:3, instance:org.ictkerala.test_ictaklearner.TestClass@2767e23c]" started-at="2024-04-06T16:41:00 AST" name="Ele_4" finished-at="2024-04-06T16:41:00 AST" duration-ms="95" status="PASS">
          <reporter-output>
          </reporter-output>
        </test-method> <!-- Ele_4 -->
        <test-method signature="Trainloginvalid_1()[pri:5, instance:org.ictkerala.test_ictaklearner.TestClass@2767e23c]" started-at="2024-04-06T16:41:00 AST" name="Trainloginvalid_1" finished-at="2024-04-06T16:41:02 AST" duration-ms="2245" status="PASS">
          <reporter-output>
          </reporter-output>
        </test-method> <!-- Trainloginvalid_1 -->
        <test-method signature="Trainloginvalid_2()[pri:5, instance:org.ictkerala.test_ictaklearner.TestClass@2767e23c]" started-at="2024-04-06T16:41:02 AST" name="Trainloginvalid_2" finished-at="2024-04-06T16:41:04 AST" duration-ms="1205" status="PASS">
          <reporter-output>
          </reporter-output>
        </test-method> <!-- Trainloginvalid_2 -->
        <test-method signature="Trainloginvalid_3()[pri:6, instance:org.ictkerala.test_ictaklearner.TestClass@2767e23c]" started-at="2024-04-06T16:41:04 AST" name="Trainloginvalid_3" finished-at="2024-04-06T16:41:05 AST" duration-ms="1523" status="PASS">
          <reporter-output>
          </reporter-output>
        </test-method> <!-- Trainloginvalid_3 -->
        <test-method signature="Trainloginvalid_4()[pri:7, instance:org.ictkerala.test_ictaklearner.TestClass@2767e23c]" started-at="2024-04-06T16:41:05 AST" name="Trainloginvalid_4" finished-at="2024-04-06T16:41:08 AST" duration-ms="2419" status="PASS">
          <reporter-output>
          </reporter-output>
        </test-method> <!-- Trainloginvalid_4 -->
        <test-method signature="Trainlogvalid_1()[pri:8, instance:org.ictkerala.test_ictaklearner.TestClass@2767e23c]" started-at="2024-04-06T16:41:08 AST" name="Trainlogvalid_1" finished-at="2024-04-06T16:41:08 AST" duration-ms="618" status="PASS">
          <reporter-output>
          </reporter-output>
        </test-method> <!-- Trainlogvalid_1 -->
        <test-method signature="TDsuccess_1()[pri:9, instance:org.ictkerala.test_ictaklearner.TestClass@2767e23c]" started-at="2024-04-06T16:41:08 AST" name="TDsuccess_1" finished-at="2024-04-06T16:41:09 AST" duration-ms="1153" status="PASS">
          <reporter-output>
          </reporter-output>
        </test-method> <!-- TDsuccess_1 -->
        <test-method signature="TDadd_1()[pri:10, instance:org.ictkerala.test_ictaklearner.TestClass@2767e23c]" started-at="2024-04-06T16:41:09 AST" name="TDadd_1" finished-at="2024-04-06T16:41:10 AST" duration-ms="196" status="PASS">
          <reporter-output>
          </reporter-output>
        </test-method> <!-- TDadd_1 -->
        <test-method signature="TDaddlearnercheck_1()[pri:11, instance:org.ictkerala.test_ictaklearner.TestClass@2767e23c]" started-at="2024-04-06T16:41:10 AST" name="TDaddlearnercheck_1" finished-at="2024-04-06T16:41:13 AST" duration-ms="2999" status="PASS">
          <reporter-output>
          </reporter-output>
        </test-method> <!-- TDaddlearnercheck_1 -->
        <test-method signature="TDaddidvalidation_1()[pri:12, instance:org.ictkerala.test_ictaklearner.TestClass@2767e23c]" started-at="2024-04-06T16:41:13 AST" name="TDaddidvalidation_1" finished-at="2024-04-06T16:41:14 AST" duration-ms="1477" status="PASS">
          <reporter-output>
          </reporter-output>
        </test-method> <!-- TDaddidvalidation_1 -->
        <test-method signature="TDaddnamevalid_1()[pri:13, instance:org.ictkerala.test_ictaklearner.TestClass@2767e23c]" started-at="2024-04-06T16:41:14 AST" name="TDaddnamevalid_1" finished-at="2024-04-06T16:41:16 AST" duration-ms="1498" status="PASS">
          <reporter-output>
          </reporter-output>
        </test-method> <!-- TDaddnamevalid_1 -->
        <test-method signature="Tdaddlearner_3()[pri:14, instance:org.ictkerala.test_ictaklearner.TestClass@2767e23c]" started-at="2024-04-06T16:41:16 AST" name="Tdaddlearner_3" finished-at="2024-04-06T16:41:18 AST" duration-ms="2590" status="PASS">
          <reporter-output>
          </reporter-output>
        </test-method> <!-- Tdaddlearner_3 -->
        <test-method signature="Tdaddlearner_4()[pri:15, instance:org.ictkerala.test_ictaklearner.TestClass@2767e23c]" started-at="2024-04-06T16:41:18 AST" name="Tdaddlearner_4" finished-at="2024-04-06T16:41:20 AST" duration-ms="2337" status="PASS">
          <reporter-output>
          </reporter-output>
        </test-method> <!-- Tdaddlearner_4 -->
        <test-method signature="Tdaddlearner_5()[pri:16, instance:org.ictkerala.test_ictaklearner.TestClass@2767e23c]" started-at="2024-04-06T16:41:20 AST" name="Tdaddlearner_5" finished-at="2024-04-06T16:41:22 AST" duration-ms="1659" status="PASS">
          <reporter-output>
          </reporter-output>
        </test-method> <!-- Tdaddlearner_5 -->
        <test-method signature="Tdaddlearner_6()[pri:17, instance:org.ictkerala.test_ictaklearner.TestClass@2767e23c]" started-at="2024-04-06T16:41:22 AST" name="Tdaddlearner_6" finished-at="2024-04-06T16:41:25 AST" duration-ms="2475" status="PASS">
          <reporter-output>
          </reporter-output>
        </test-method> <!-- Tdaddlearner_6 -->
        <test-method signature="Tdvalue_1()[pri:18, instance:org.ictkerala.test_ictaklearner.TestClass@2767e23c]" started-at="2024-04-06T16:41:25 AST" name="Tdvalue_1" finished-at="2024-04-06T16:41:27 AST" duration-ms="2252" status="PASS">
          <reporter-output>
          </reporter-output>
        </test-method> <!-- Tdvalue_1 -->
        <test-method signature="Tdvalue_2()[pri:19, instance:org.ictkerala.test_ictaklearner.TestClass@2767e23c]" started-at="2024-04-06T16:41:27 AST" name="Tdvalue_2" finished-at="2024-04-06T16:41:28 AST" duration-ms="704" status="PASS">
          <reporter-output>
          </reporter-output>
        </test-method> <!-- Tdvalue_2 -->
        <test-method signature="Tdvalue_3()[pri:20, instance:org.ictkerala.test_ictaklearner.TestClass@2767e23c]" started-at="2024-04-06T16:41:28 AST" name="Tdvalue_3" finished-at="2024-04-06T16:41:28 AST" duration-ms="809" status="PASS">
          <reporter-output>
          </reporter-output>
        </test-method> <!-- Tdvalue_3 -->
        <test-method signature="Tdvalue_4()[pri:21, instance:org.ictkerala.test_ictaklearner.TestClass@2767e23c]" started-at="2024-04-06T16:41:28 AST" name="Tdvalue_4" finished-at="2024-04-06T16:41:29 AST" duration-ms="178" status="PASS">
          <reporter-output>
          </reporter-output>
        </test-method> <!-- Tdvalue_4 -->
        <test-method signature="TDaddbulk_1()[pri:22, instance:org.ictkerala.test_ictaklearner.TestClass@2767e23c]" started-at="2024-04-06T16:41:29 AST" name="TDaddbulk_1" finished-at="2024-04-06T16:41:32 AST" duration-ms="3056" status="PASS">
          <reporter-output>
          </reporter-output>
        </test-method> <!-- TDaddbulk_1 -->
        <test-method signature="TDaddbulk_3()[pri:23, instance:org.ictkerala.test_ictaklearner.TestClass@2767e23c]" started-at="2024-04-06T16:41:32 AST" name="TDaddbulk_3" finished-at="2024-04-06T16:41:32 AST" duration-ms="386" status="PASS">
          <reporter-output>
          </reporter-output>
        </test-method> <!-- TDaddbulk_3 -->
        <test-method signature="Tdaddbulkcancel_4()[pri:24, instance:org.ictkerala.test_ictaklearner.TestClass@2767e23c]" started-at="2024-04-06T16:41:32 AST" name="Tdaddbulkcancel_4" finished-at="2024-04-06T16:41:33 AST" duration-ms="639" status="PASS">
          <reporter-output>
          </reporter-output>
        </test-method> <!-- Tdaddbulkcancel_4 -->
        <test-method signature="TDedit_1()[pri:25, instance:org.ictkerala.test_ictaklearner.TestClass@2767e23c]" started-at="2024-04-06T16:41:33 AST" name="TDedit_1" finished-at="2024-04-06T16:42:08 AST" duration-ms="35272" status="PASS">
          <reporter-output>
          </reporter-output>
        </test-method> <!-- TDedit_1 -->
        <test-method signature="TDdelete_1()[pri:26, instance:org.ictkerala.test_ictaklearner.TestClass@2767e23c]" started-at="2024-04-06T16:42:08 AST" name="TDdelete_1" finished-at="2024-04-06T16:42:08 AST" duration-ms="96" status="PASS">
          <reporter-output>
          </reporter-output>
        </test-method> <!-- TDdelete_1 -->
        <test-method signature="Logouttrainer()[pri:27, instance:org.ictkerala.test_ictaklearner.TestClass@2767e23c]" started-at="2024-04-06T16:42:08 AST" name="Logouttrainer" finished-at="2024-04-06T16:42:08 AST" duration-ms="445" status="PASS">
          <reporter-output>
          </reporter-output>
        </test-method> <!-- Logouttrainer -->
        <test-method signature="AdmLogin()[pri:28, instance:org.ictkerala.test_ictaklearner.TestClass@2767e23c]" started-at="2024-04-06T16:42:08 AST" name="AdmLogin" finished-at="2024-04-06T16:42:11 AST" duration-ms="2366" status="PASS">
          <reporter-output>
          </reporter-output>
        </test-method> <!-- AdmLogin -->
        <test-method is-config="true" signature="TearDown()[pri:0, instance:org.ictkerala.test_ictaklearner.TestClass@2767e23c]" started-at="2024-04-06T16:42:11 AST" name="TearDown" finished-at="2024-04-06T16:42:11 AST" duration-ms="0" status="PASS">
          <reporter-output>
          </reporter-output>
        </test-method> <!-- TearDown -->
      </class> <!-- org.ictkerala.test_ictaklearner.TestClass -->
      <class name="org.ictkerala.test_ictaklearner.TestClass2">
        <test-method is-config="true" signature="testConfig()[pri:0, instance:org.ictkerala.test_ictaklearner.TestClass2@5b247367]" started-at="2024-04-06T16:42:11 AST" name="testConfig" finished-at="2024-04-06T16:42:28 AST" duration-ms="17446" status="PASS">
          <reporter-output>
          </reporter-output>
        </test-method> <!-- testConfig -->
        <test-method signature="TC_1()[pri:1, instance:org.ictkerala.test_ictaklearner.TestClass2@5b247367]" started-at="2024-04-06T16:42:28 AST" name="TC_1" finished-at="2024-04-06T16:42:28 AST" duration-ms="81" status="PASS">
          <reporter-output>
          </reporter-output>
        </test-method> <!-- TC_1 -->
        <test-method signature="TCnavigation()[pri:1, instance:org.ictkerala.test_ictaklearner.TestClass2@5b247367]" started-at="2024-04-06T16:42:28 AST" name="TCnavigation" finished-at="2024-04-06T16:42:28 AST" duration-ms="18" status="PASS">
          <reporter-output>
          </reporter-output>
        </test-method> <!-- TCnavigation -->
        <test-method signature="Tc3_()[pri:2, instance:org.ictkerala.test_ictaklearner.TestClass2@5b247367]" started-at="2024-04-06T16:42:28 AST" name="Tc3_" finished-at="2024-04-06T16:42:28 AST" duration-ms="64" status="PASS">
          <reporter-output>
          </reporter-output>
        </test-method> <!-- Tc3_ -->
        <test-method signature="Tc4_()[pri:3, instance:org.ictkerala.test_ictaklearner.TestClass2@5b247367]" started-at="2024-04-06T16:42:28 AST" name="Tc4_" finished-at="2024-04-06T16:42:29 AST" duration-ms="88" status="PASS">
          <reporter-output>
          </reporter-output>
        </test-method> <!-- Tc4_ -->
        <test-method signature="validcred()[pri:4, instance:org.ictkerala.test_ictaklearner.TestClass2@5b247367]" started-at="2024-04-06T16:42:29 AST" name="validcred" finished-at="2024-04-06T16:42:32 AST" duration-ms="3559" status="PASS">
          <reporter-output>
          </reporter-output>
        </test-method> <!-- validcred -->
        <test-method signature="PofficerUpdate_1()[pri:7, instance:org.ictkerala.test_ictaklearner.TestClass2@5b247367]" started-at="2024-04-06T16:42:32 AST" name="PofficerUpdate_1" finished-at="2024-04-06T16:42:40 AST" duration-ms="7935" status="PASS">
          <reporter-output>
          </reporter-output>
        </test-method> <!-- PofficerUpdate_1 -->
        <test-method signature="PofficerUpdate_3()[pri:8, instance:org.ictkerala.test_ictaklearner.TestClass2@5b247367]" started-at="2024-04-06T16:42:40 AST" name="PofficerUpdate_3" finished-at="2024-04-06T16:42:42 AST" duration-ms="1564" status="PASS">
          <reporter-output>
          </reporter-output>
        </test-method> <!-- PofficerUpdate_3 -->
        <test-method signature="pofficerlogout()[pri:8, instance:org.ictkerala.test_ictaklearner.TestClass2@5b247367]" started-at="2024-04-06T16:42:42 AST" name="pofficerlogout" finished-at="2024-04-06T16:42:42 AST" duration-ms="833" status="PASS">
          <reporter-output>
          </reporter-output>
        </test-method> <!-- pofficerlogout -->
        <test-method is-config="true" signature="TearDown()[pri:0, instance:org.ictkerala.test_ictaklearner.TestClass2@5b247367]" started-at="2024-04-06T16:42:42 AST" name="TearDown" finished-at="2024-04-06T16:42:42 AST" duration-ms="0" status="PASS">
          <reporter-output>
          </reporter-output>
        </test-method> <!-- TearDown -->
      </class> <!-- org.ictkerala.test_ictaklearner.TestClass2 -->
    </test> <!-- Test -->
  </suite> <!-- Suite -->
</testng-results>
